<?xml version="1.0" encoding="UTF-8"?>
<!-- Generated by org.testng.reporters.JUnitReportReporter -->
<testsuite hostname="LAPTOP-O1ONHJO3" failures="0" tests="1" name="jenkins.sample.pack.Sample" time="6.535" errors="0" timestamp="2024-03-27T22:32:59 IST" skipped="0">
  <testcase classname="jenkins.sample.pack.Sample" name="verifyFacebookTitle" time="6.535"/>
</testsuite> <!-- jenkins.sample.pack.Sample -->
